Arguments: 
  C:\Program Files\nodejs\node.exe E:\Yarn\bin\yarn.js add ngInfiniteScroll@1.0.0

PATH: 
  C:\Users\Stove\bin;E:\Git\mingw64\bin;E:\Git\usr\local\bin;E:\Git\usr\bin;E:\Git\usr\bin;E:\Git\mingw64\bin;E:\Git\usr\bin;C:\Users\Stove\bin;C:\Program Files (x86)\NVIDIA Corporation\PhysX\Common;C:\ProgramData\Oracle\Java\javapath;C:\Windows\system32;C:\Windows;C:\Windows\System32\Wbem;C:\Windows\System32\WindowsPowerShell\v1.0;E:\TortoiseGit\bin;C:\Program Files\nodejs;C:\Program Files (x86)\GtkSharp\2.12\bin;C:\Program Files\Microsoft SQL Server\130\Tools\Binn;C:\Program Files\dotnet;E:\Yarn\bin;C:\Users\Stove\AppData\Roaming\npm;C:\Users\Stove\AppData\Local\Yarn\bin;E:\Git\usr\bin\vendor_perl;E:\Git\usr\bin\core_perl

Yarn version: 
  1.12.3

Node version: 
  6.9.4

Platform: 
  win32 x64

Trace: 
  Error: https://registry.yarnpkg.com/ngInfiniteScroll: Not found
      at Request.params.callback [as _callback] (E:\Yarn\lib\cli.js:65003:18)
      at Request.self.callback (E:\Yarn\lib\cli.js:129018:22)
      at emitTwo (events.js:106:13)
      at Request.emit (events.js:191:7)
      at Request.<anonymous> (E:\Yarn\lib\cli.js:129990:10)
      at emitOne (events.js:96:13)
      at Request.emit (events.js:188:7)
      at IncomingMessage.<anonymous> (E:\Yarn\lib\cli.js:129912:12)
      at IncomingMessage.g (events.js:291:16)
      at emitNone (events.js:91:20)

npm manifest: 
  {
    "name": "ZFGC3",
    "version": "1.0.0",
    "description": "Zelda Fan Game Central BB",
    "main": "index.js",
    "repository": "github.com/ZFGCCP/ZFGC3",
    "author": "MGZero",
    "license": "MIT",
    "dependencies": {
      "angular": "1.7.0",
      "angular-animate": "1.7.0",
      "angular-datepicker": "1.0.5",
      "angular-resource": "1.7.0",
      "angular-sanitize": "1.7.0",
      "angular-ui-router": "1.0.17",
      "bootstrap": "3.3.7",
      "jquery": "2.1.4",
      "ng-dialog": "0.6.4",
      "tether": "1.1.1"
    }
  }

yarn manifest: 
  No manifest

Lockfile: 
  # THIS IS AN AUTOGENERATED FILE. DO NOT EDIT THIS FILE DIRECTLY.
  # yarn lockfile v1
  
  
  "@uirouter/core@5.0.19":
    version "5.0.19"
    resolved "https://registry.yarnpkg.com/@uirouter/core/-/core-5.0.19.tgz#fe2888190393a8c92584c354e65ab8322c1b0db4"
    integrity sha512-wow+CKRThUAQkiTLNQCBsKQIU3NbH8GGH/w/TrcjKdvkZQA2jQB9QSqmmZxj7XNoZXY7QVcSSc4DWmxuSeAWmQ==
  
  angular-animate@1.7.0:
    version "1.7.0"
    resolved "https://registry.yarnpkg.com/angular-animate/-/angular-animate-1.7.0.tgz#c04293068ee0986dc00ba154626d74bf51f25576"
    integrity sha512-508uYJLhcX85cKqOlp3stzv1WEnlEtKPGC2J1ljn8sxhwUhENWte2lGI8DJev26Lsk5dHpinBSJC/J0f7jj53w==
  
  angular-datepicker@1.0.5:
    version "1.0.5"
    resolved "https://registry.yarnpkg.com/angular-datepicker/-/angular-datepicker-1.0.5.tgz#15ac3013f8ed2354fa1446d00a9cc928059e53b2"
    integrity sha1-FawwE/jtI1T6FEbQCpzJKAWeU7I=
  
  angular-resource@1.7.0:
    version "1.7.0"
    resolved "https://registry.yarnpkg.com/angular-resource/-/angular-resource-1.7.0.tgz#356f92cafd68ded59862d7af34ddf8c08ac414b4"
    integrity sha512-qqblbpS3bZmSEz0Bf4HfjhT2BH1GqS5eodtJu8Clp1qOHEz8o8Ggd782Vb7aZ+8TPFeKMRYCwZBOQZNALKFm6w==
  
  angular-sanitize@1.7.0:
    version "1.7.0"
    resolved "https://registry.yarnpkg.com/angular-sanitize/-/angular-sanitize-1.7.0.tgz#8ff2870fa3f6d4d0e0647900dbc01258ebeee1c1"
    integrity sha512-AIBJ9Es6symE0aqDeSYRoHlZ/Wsvyk3YnMsLl+I8T5EWz2Ht7+6ffMvrFpnWPNS1jV75JtOeOWpOHpbP3HjRCw==
  
  angular-ui-router@1.0.17:
    version "1.0.17"
    resolved "https://registry.yarnpkg.com/angular-ui-router/-/angular-ui-router-1.0.17.tgz#45278c3f27e605e84699e6c483052c08b12b657d"
    integrity sha512-UZR65nWD/zEkYDguDRbemjNjUFEne8MbrvoSjIPPrjzIiaSkwwoB53ZeDsG8uuaIg395ZPCsScbS/scq6cqtcw==
    dependencies:
      "@uirouter/core" "5.0.19"
  
  angular@1.7.0:
    version "1.7.0"
    resolved "https://registry.yarnpkg.com/angular/-/angular-1.7.0.tgz#e45d679fc8d81040a4894c7ccc16a4e1ad0a9ca6"
    integrity sha512-3LboCLjrOuC7dWh953O0+dI3dJ7PexYRSCIrfqoN5qoHyja/wak3eWoxPKb2Sl2qwiPbrUV5KJXwgpUQ48McBQ==
  
  bootstrap@3.3.7:
    version "3.3.7"
    resolved "https://registry.yarnpkg.com/bootstrap/-/bootstrap-3.3.7.tgz#5a389394549f23330875a3b150656574f8a9eb71"
    integrity sha1-WjiTlFSfIzMIdaOxUGVldPip63E=
  
  jquery@2.1.4:
    version "2.1.4"
    resolved "https://registry.yarnpkg.com/jquery/-/jquery-2.1.4.tgz#228bde698a0c61431dc2630a6a154f15890d2317"
    integrity sha1-IoveaYoMYUMdwmMKahVPFYkNIxc=
  
  ng-dialog@0.6.4:
    version "0.6.4"
    resolved "https://registry.yarnpkg.com/ng-dialog/-/ng-dialog-0.6.4.tgz#f3eae8adf5eaffbebd6d672928555d4c095296b3"
    integrity sha1-8+rorfXq/769bWcpKFVdTAlSlrM=
  
  tether@1.1.1:
    version "1.1.1"
    resolved "https://registry.yarnpkg.com/tether/-/tether-1.1.1.tgz#d1b1d5eefcf3692ecf9ac038f29d025119c7ccb6"
    integrity sha1-0bHV7vzzaS7PmsA48p0CURnHzLY=
